This file contains any messages produced by compilers while
running configure, to aid debugging if configure makes a mistake.

configure:709: checking for a BSD compatible install
configure:762: checking whether build environment is sane
configure:819: checking whether make sets ${MAKE}
configure:852: checking for Cygwin environment
configure:885: checking for mingw32 environment
configure:1067: checking host system type
configure:1088: checking target system type
configure:1106: checking build system type
configure:1149: checking for working aclocal-1.4
configure:1162: checking for working autoconf
configure:1175: checking for working automake-1.4
configure:1188: checking for working autoheader
configure:1201: checking for working makeinfo
configure:1226: checking for gcc
configure:1305: checking whether we are using GNU C
configure:1329: checking whether /opt/tilera/TileraMDE-4.3.4.193953/tilegx/bin/tile-gcc  -m32 accepts -g
configure:1360: checking for as
configure:1392: checking for ar
configure:1424: checking for ranlib
configure:1501: checking for a BSD compatible install
configure:1555: checking whether to enable maintainer-specific portions of Makefiles
